<?xml version="1.0" encoding="UTF-8"?>
<!-- Generated by org.testng.reporters.JUnitReportReporter -->
<testsuite hostname="macsteinar3.local" name="no.difi.vefa.SbdhGeneratorFactoryTest" tests="2" failures="0" timestamp="11 Sep 2015 07:31:55 GMT" time="0.708" errors="0">
  <testcase name="obtainCreatorForBackendSBDH" time="0.704" classname="no.difi.vefa.SbdhGeneratorFactoryTest"/>
  <testcase name="verifySampleData" time="0.004" classname="no.difi.vefa.SbdhGeneratorFactoryTest"/>
</testsuite> <!-- no.difi.vefa.SbdhGeneratorFactoryTest -->
